[2026-03-18 13:39:00] INFO __main__: Конфиг загружен: config.yaml
[2026-03-18 13:39:00] INFO __main__: Устройство: mps
[2026-03-18 13:39:00] INFO __main__:   MPS: is_available=True, is_built=True
[2026-03-18 13:39:00] INFO __main__: TensorBoard: tensorboard --logdir ./logs
[2026-03-18 13:39:00] INFO __main__: Загружаю датасет...
[2026-03-18 13:39:10] INFO __main__: Создаю модель...
[2026-03-18 13:39:12] INFO __main__: Оптимизатор: AdamW | backbone LN lr=3.00e-06 | head lr=3.00e-05 | wd=0.0001
[2026-03-18 13:39:12] INFO __main__: Mixed precision: bfloat16 (без GradScaler) | device=mps
[2026-03-18 13:39:12] INFO __main__: Начинаю обучение: 30 эпох на mps
[2026-03-18 13:39:12] INFO __main__: ============================================================
[2026-03-18 13:40:02] INFO __main__: Конфиг загружен: config.yaml
[2026-03-18 13:40:02] INFO __main__: Устройство: mps
[2026-03-18 13:40:02] INFO __main__:   MPS: is_available=True, is_built=True
[2026-03-18 13:40:02] INFO __main__: TensorBoard: tensorboard --logdir ./logs
[2026-03-18 13:40:02] INFO __main__: Загружаю датасет...
[2026-03-18 13:44:32] INFO __main__: Конфиг загружен: config.yaml
[2026-03-18 13:44:32] INFO __main__: Устройство: mps
[2026-03-18 13:44:32] INFO __main__:   MPS: is_available=True, is_built=True
[2026-03-18 13:44:32] INFO __main__: TensorBoard: tensorboard --logdir ./logs
[2026-03-18 13:44:32] INFO __main__: Загружаю датасет...
[2026-03-18 13:44:43] INFO __main__: Создаю модель...
[2026-03-18 13:44:44] INFO __main__: Оптимизатор: AdamW | backbone LN lr=3.00e-06 | head lr=3.00e-05 | wd=0.0001
[2026-03-18 13:44:44] INFO __main__: Mixed precision: bfloat16 (без GradScaler) | device=mps
[2026-03-18 13:44:44] INFO __main__: Загружаю чекпоинт: /Users/aleksandrorlov/Documents/anti/checkpoints/best_model.pt
[2026-03-18 13:44:44] INFO __main__:   Продолжаю с эпохи 6, best AUC=0.8320
[2026-03-18 13:44:44] INFO __main__: Начинаю обучение: 30 эпох на mps
[2026-03-18 13:44:44] INFO __main__: ============================================================
[2026-03-18 19:26:37] INFO __main__: Конфиг загружен: config.yaml
[2026-03-18 19:26:37] INFO __main__: Устройство: mps
[2026-03-18 19:26:37] INFO __main__:   MPS: is_available=True, is_built=True
[2026-03-18 19:26:37] INFO __main__: TensorBoard: tensorboard --logdir ./logs
[2026-03-18 19:26:37] INFO __main__: Загружаю датасет...
[2026-03-18 19:26:47] INFO __main__: Создаю модель...
[2026-03-18 19:26:48] INFO __main__: Оптимизатор: AdamW | backbone LN lr=3.00e-06 | head lr=3.00e-05 | wd=0.0001
[2026-03-18 19:26:48] INFO __main__: Mixed precision: bfloat16 (без GradScaler) | device=mps
[2026-03-18 19:26:48] INFO __main__: Загружаю чекпоинт: /Users/aleksandrorlov/Documents/anti/checkpoints/best_model.pt
[2026-03-18 19:26:48] INFO __main__:   Продолжаю с эпохи 6, best AUC=0.8320
[2026-03-18 19:26:48] INFO __main__: Начинаю обучение: 30 эпох на mps
[2026-03-18 19:26:48] INFO __main__: ============================================================
[2026-03-18 19:30:11] INFO __main__: Конфиг загружен: config.yaml
[2026-03-18 19:30:11] INFO __main__: Устройство: mps
[2026-03-18 19:30:11] INFO __main__:   MPS: is_available=True, is_built=True
[2026-03-18 19:30:11] INFO __main__: TensorBoard: tensorboard --logdir ./logs
[2026-03-18 19:30:11] INFO __main__: Загружаю датасет...
[2026-03-18 19:30:22] INFO __main__: Создаю модель...
[2026-03-18 19:30:23] INFO __main__: Оптимизатор: AdamW | backbone LN lr=3.00e-06 | head lr=3.00e-05 | wd=0.0001
[2026-03-18 19:30:23] INFO __main__: Mixed precision: bfloat16 (без GradScaler) | device=mps
[2026-03-18 19:30:23] INFO __main__: Загружаю чекпоинт: /Users/aleksandrorlov/Documents/anti/checkpoints/best_model.pt
[2026-03-18 19:30:24] INFO __main__:   Продолжаю с эпохи 6, best AUC=0.8320
[2026-03-18 19:30:24] INFO __main__: Начинаю обучение: 30 эпох на mps
[2026-03-18 19:30:24] INFO __main__: ============================================================
[2026-03-18 19:44:30] INFO __main__: Конфиг загружен: config.yaml
[2026-03-18 19:44:30] INFO __main__: Устройство: mps
[2026-03-18 19:44:30] INFO __main__:   MPS: is_available=True, is_built=True
[2026-03-18 19:44:30] INFO __main__: TensorBoard: tensorboard --logdir ./logs
[2026-03-18 19:44:30] INFO __main__: Загружаю датасет...
[2026-03-18 19:44:40] INFO __main__: Создаю модель...
[2026-03-18 19:44:42] INFO __main__: Оптимизатор: AdamW | backbone LN lr=3.00e-06 | head lr=3.00e-05 | wd=0.0001
[2026-03-18 19:44:42] INFO __main__: Mixed precision: bfloat16 (без GradScaler) | device=mps
[2026-03-18 19:44:42] INFO __main__: Загружаю чекпоинт: checkpoints/best_model.pt
[2026-03-18 19:44:42] INFO __main__:   Продолжаю с эпохи 6, best AUC=0.8320
[2026-03-18 19:44:42] INFO __main__: Начинаю обучение: 30 эпох на mps
[2026-03-18 19:44:42] INFO __main__: ============================================================
[2026-03-18 22:49:29] INFO __main__: Эпоха 06/30 | time=11087s | loss=2.2062 | val_loss=3.7358 | val_auc=0.5336 | val_eer=0.5298
[2026-03-18 22:49:29] INFO __main__:   ⚠ Нет улучшения 1/3 эпох (best=0.8320, now=0.5336, drop=0.2984)
[2026-03-18 22:52:50] INFO __main__: Конфиг загружен: config.yaml
[2026-03-18 22:52:50] INFO __main__: Устройство: mps
[2026-03-18 22:52:50] INFO __main__:   MPS: is_available=True, is_built=True
[2026-03-18 22:52:50] INFO __main__: TensorBoard: tensorboard --logdir ./logs
[2026-03-18 22:52:50] INFO __main__: Загружаю датасет...
[2026-03-18 22:53:01] INFO __main__: Создаю модель...
[2026-03-18 22:53:02] INFO __main__: Оптимизатор: AdamW | backbone LN lr=3.00e-06 | head lr=3.00e-05 | wd=0.0001
[2026-03-18 22:53:02] INFO __main__: Mixed precision: bfloat16 (без GradScaler) | device=mps
[2026-03-18 22:53:02] INFO __main__: Начинаю обучение: 30 эпох на mps
[2026-03-18 22:53:02] INFO __main__: ============================================================
[2026-03-19 02:21:58] INFO __main__: Эпоха 01/30 | time=12536s | loss=4.7526 | val_loss=2.8909 | val_auc=0.5549 | val_eer=0.4677
[2026-03-19 02:21:58] INFO __main__:   → Новый рекорд: val_auc=0.5549
[2026-03-19 02:45:11] INFO __main__: Конфиг загружен: config.yaml
[2026-03-19 02:45:11] INFO __main__: Устройство: mps
[2026-03-19 02:45:11] INFO __main__:   MPS: is_available=True, is_built=True
[2026-03-19 02:45:11] INFO __main__: TensorBoard: tensorboard --logdir ./logs
[2026-03-19 02:45:11] INFO __main__: Загружаю датасет...
[2026-03-19 02:45:26] INFO __main__: Создаю модель...
[2026-03-19 02:45:27] INFO __main__: Оптимизатор: AdamW | backbone LN lr=3.00e-05 | head lr=3.00e-04 | wd=0.0001
[2026-03-19 02:45:27] INFO __main__: Mixed precision: bfloat16 (без GradScaler) | device=mps
[2026-03-19 02:45:27] INFO __main__: Начинаю обучение: 30 эпох на mps
[2026-03-19 02:45:27] INFO __main__: ============================================================
[2026-03-19 04:30:32] INFO __main__: Конфиг загружен: config.yaml
[2026-03-19 04:30:32] INFO __main__: Устройство: mps
[2026-03-19 04:30:32] INFO __main__:   MPS: is_available=True, is_built=True
[2026-03-19 04:30:32] INFO __main__: TensorBoard: tensorboard --logdir ./logs
[2026-03-19 04:30:32] INFO __main__: Загружаю датасет...
[2026-03-19 04:30:43] INFO __main__: Создаю модель...
[2026-03-19 04:30:45] INFO __main__: Оптимизатор: AdamW | backbone LN lr=3.00e-05 | head lr=3.00e-04 | wd=0.0001
[2026-03-19 04:30:45] INFO __main__: Mixed precision: bfloat16 (без GradScaler) | device=mps
[2026-03-19 04:30:45] INFO __main__: Начинаю обучение: 30 эпох на mps
[2026-03-19 04:30:45] INFO __main__: ============================================================
